#
# A fatal error has been detected by the Java Runtime Environment:
#
#  EXCEPTION_ACCESS_VIOLATION (0xc0000005) at pc=0x0000000063b62d12, pid=224, tid=0x0000000000002ee8
#
# JRE version: OpenJDK Runtime Environment (8.0_152-b01) (build 1.8.0_152-release-1343-b01)
# Java VM: OpenJDK 64-Bit Server VM (25.152-b01 mixed mode windows-amd64 compressed oops)
# Problematic frame:
# V  [jvm.dll+0x52d12]
#
# Failed to write core dump. Minidumps are not enabled by default on client versions of Windows
#
# If you would like to submit a bug report, please visit:
#   http://bugreport.java.com/bugreport/crash.jsp
#

---------------  T H R E A D  ---------------

Current thread (0x000000001a7b6800):  JavaThread "Daemon worker" [_thread_in_vm, id=12008, stack(0x000000001b920000,0x000000001ba20000)]

siginfo: ExceptionCode=0xc0000005, reading address 0xffffffffffffffff

Registers:
RAX=0x0000000002a55ab0, RBX=0x6f672f6d6f634c28, RCX=0x0000000002a53250, RDX=0x000000000000447f
RSP=0x000000001ba18900, RBP=0x00000000b15625c1, RSI=0x000000001ba18a00, RDI=0x0000000000000003
R8 =0x0000000020af0194, R9 =0x0000000000000006, R10=0x0000000000000064, R11=0x00000000b15625c1
R12=0x0000000000000006, R13=0x0000000020af0194, R14=0x0000000002a53250, R15=0x0000000020af0194
RIP=0x0000000063b62d12, EFLAGS=0x0000000000010206

Top of Stack: (sp=0x000000001ba18900)
0x000000001ba18900:   000000001ba18a40 000000001ba18ac0
0x000000001ba18910:   000000001ba18a80 ffffffffffffffe0
0x000000001ba18920:   0000000000000243 0000000000000243
0x000000001ba18930:   000000001ba19120 0000000063b62e04
0x000000001ba18940:   0000000000000006 000000001ba18a80
0x000000001ba18950:   000000001ba18a00 0000000020af0194
0x000000001ba18960:   00000000b15625c1 0000000000000006
0x000000001ba18970:   0000000000000006 0000000063b40499
0x000000001ba18980:   0000000000000006 000000001a7b6800
0x000000001ba18990:   000000001ba18a80 000000001a7b6800
0x000000001ba189a0:   000000001ba18ac0 000000001ba18a80
0x000000001ba189b0:   000000001ba18aa0 000000001a7b6800
0x000000001ba189c0:   0000000020a20600 0000035300000002
0x000000001ba189d0:   0000000000000c03 0000000020aedf20
0x000000001ba189e0:   0000000020af4d2f 0000000020af019a
0x000000001ba189f0:   000000001ba194e0 000000001ba19901 

Instructions: (pc=0x0000000063b62d12)
0x0000000063b62cf2:   48 63 d2 33 ff 48 8b 1c d0 45 8b e1 4d 8b e8 4c
0x0000000063b62d02:   8b f1 48 85 db 74 4a 8b 6c 24 60 0f 1f 00 ff c7
0x0000000063b62d12:   39 2b 75 16 48 8b 73 10 45 8b c4 49 8b d5 48 8b
0x0000000063b62d22:   ce e8 38 30 0c 00 84 c0 75 48 48 8b 5b 08 48 83 


Register to memory mapping:

RAX=0x0000000002a55ab0 is an unknown value
RBX=0x6f672f6d6f634c28 is an unknown value
RCX=0x0000000002a53250 is an unknown value
RDX=0x000000000000447f is an unknown value
RSP=0x000000001ba18900 is pointing into the stack for thread: 0x000000001a7b6800
RBP=0x00000000b15625c1 is an unallocated location in the heap
RSI=0x000000001ba18a00 is pointing into the stack for thread: 0x000000001a7b6800
RDI=0x0000000000000003 is an unknown value
R8 =0x0000000020af0194 is an unknown value
R9 =0x0000000000000006 is an unknown value
R10=0x0000000000000064 is an unknown value
R11=0x00000000b15625c1 is an unallocated location in the heap
R12=0x0000000000000006 is an unknown value
R13=0x0000000020af0194 is an unknown value
R14=0x0000000002a53250 is an unknown value
R15=0x0000000020af0194 is an unknown value


Stack: [0x000000001b920000,0x000000001ba20000],  sp=0x000000001ba18900,  free space=994k
Native frames: (J=compiled Java code, j=interpreted, Vv=VM code, C=native code)
V  [jvm.dll+0x52d12]
V  [jvm.dll+0x52e04]
V  [jvm.dll+0x30499]
V  [jvm.dll+0x30899]
V  [jvm.dll+0x38c40]
V  [jvm.dll+0x58014]
V  [jvm.dll+0x16c841]
V  [jvm.dll+0x16cbdb]
C  [java.dll+0x1ead]
C  0x0000000002e3dd25

Java frames: (J=compiled Java code, j=interpreted, Vv=VM code)
J 731  java.lang.ClassLoader.defineClass1(Ljava/lang/String;[BIILjava/security/ProtectionDomain;Ljava/lang/String;)Ljava/lang/Class; (0 bytes) @ 0x0000000002e3dc9f [0x0000000002e3dc00+0x9f]
J 3438 C2 java.lang.ClassLoader.defineClass(Ljava/lang/String;[BIILjava/security/ProtectionDomain;)Ljava/lang/Class; (43 bytes) @ 0x0000000003758a28 [0x0000000003758500+0x528]
J 3507 C2 java.security.SecureClassLoader.defineClass(Ljava/lang/String;[BIILjava/security/CodeSource;)Ljava/lang/Class; (16 bytes) @ 0x000000000378ae94 [0x000000000378a5a0+0x8f4]
J 1823 C2 java.net.URLClassLoader$1.run()Ljava/lang/Object; (5 bytes) @ 0x000000000338c358 [0x000000000338b180+0x11d8]
v  ~StubRoutines::call_stub
J 267  java.security.AccessController.doPrivileged(Ljava/security/PrivilegedExceptionAction;Ljava/security/AccessControlContext;)Ljava/lang/Object; (0 bytes) @ 0x0000000002cc87a6 [0x0000000002cc8740+0x66]
J 1328 C2 java.net.URLClassLoader.findClass(Ljava/lang/String;)Ljava/lang/Class; (47 bytes) @ 0x0000000002fd98b0 [0x0000000002fd9820+0x90]
J 2285 C2 java.lang.ClassLoader.loadClass(Ljava/lang/String;Z)Ljava/lang/Class; (122 bytes) @ 0x000000000342fc84 [0x000000000342f880+0x404]
J 2128 C2 java.lang.ClassLoader.loadClass(Ljava/lang/String;)Ljava/lang/Class; (7 bytes) @ 0x000000000333b9c0 [0x000000000333b980+0x40]
v  ~StubRoutines::call_stub
j  com.android.sdklib.repository.legacy.LegacyLocalRepoLoader.<init>(Ljava/io/File;Lcom/android/repository/io/FileOp;)V+10
j  com.android.sdklib.repository.AndroidSdkHandler$RepoConfig.createRepoManager(Lcom/android/repository/api/ProgressIndicator;Ljava/io/File;Lcom/android/repository/impl/sources/LocalSourceProvider;Lcom/android/repository/io/FileOp;)Lcom/android/repository/api/RepoManager;+166
j  com.android.sdklib.repository.AndroidSdkHandler.getSdkManager(Lcom/android/repository/api/ProgressIndicator;)Lcom/android/repository/api/RepoManager;+48
j  com.android.builder.sdk.DefaultSdkLoader.init(Lcom/android/utils/ILogger;)V+32
j  com.android.builder.sdk.DefaultSdkLoader.getSdkInfo(Lcom/android/utils/ILogger;)Lcom/android/builder/sdk/SdkInfo;+2
j  com.android.build.gradle.internal.SdkHandler.initTarget(Ljava/lang/String;Lcom/android/repository/Revision;Ljava/util/Collection;Lcom/android/builder/core/AndroidBuilder;Z)Z+196
j  com.android.build.gradle.BasePlugin.ensureTargetSetup()Z+77
j  com.android.build.gradle.BasePlugin.createAndroidTasks()V+146
j  com.android.build.gradle.BasePlugin$$Lambda$110.call()V+4
j  com.android.builder.profile.ThreadRecorder.record(Lcom/google/wireless/android/sdk/stats/GradleBuildProfileSpan$ExecutionType;Ljava/lang/String;Ljava/lang/String;Lcom/android/builder/profile/Recorder$VoidBlock;)V+17
j  com.android.build.gradle.BasePlugin.lambda$createTasks$4(Lorg/gradle/api/Project;)V+30
j  com.android.build.gradle.BasePlugin$$Lambda$109.accept(Ljava/lang/Object;)V+8
j  com.android.build.gradle.internal.crash.CrashReporting$afterEvaluate$1.execute(Lorg/gradle/api/Project;)V+12
j  com.android.build.gradle.internal.crash.CrashReporting$afterEvaluate$1.execute(Ljava/lang/Object;)V+5
j  org.gradle.configuration.internal.DefaultListenerBuildOperationDecorator$BuildOperationEmittingAction$1$1.run()V+17
j  org.gradle.configuration.internal.DefaultUserCodeApplicationContext.reapply(Lorg/gradle/configuration/internal/UserCodeApplicationId;Ljava/lang/Runnable;)V+19
j  org.gradle.configuration.internal.DefaultListenerBuildOperationDecorator$BuildOperationEmittingAction$1.run(Lorg/gradle/internal/operations/BuildOperationContext;)V+25
j  org.gradle.internal.operations.DefaultBuildOperationExecutor$RunnableBuildOperationWorker.execute(Lorg/gradle/internal/operations/RunnableBuildOperation;Lorg/gradle/internal/operations/BuildOperationContext;)V+2
j  org.gradle.internal.operations.DefaultBuildOperationExecutor$RunnableBuildOperationWorker.execute(Lorg/gradle/internal/operations/BuildOperation;Lorg/gradle/internal/operations/BuildOperationContext;)V+6
j  org.gradle.internal.operations.DefaultBuildOperationExecutor.execute(Lorg/gradle/internal/operations/BuildOperation;Lorg/gradle/internal/operations/BuildOperationWorker;Lorg/gradle/internal/operations/DefaultBuildOperationExecutor$BuildOperationState;)V+148
j  org.gradle.internal.operations.DefaultBuildOperationExecutor.run(Lorg/gradle/internal/operations/RunnableBuildOperation;)V+10
j  org.gradle.configuration.internal.DefaultListenerBuildOperationDecorator$BuildOperationEmittingAction.execute(Ljava/lang/Object;)V+24
j  org.gradle.internal.event.BroadcastDispatch$ActionInvocationHandler.dispatch(Lorg/gradle/internal/dispatch/MethodInvocation;)V+27
j  org.gradle.internal.event.BroadcastDispatch$ActionInvocationHandler.dispatch(Ljava/lang/Object;)V+5
j  org.gradle.internal.event.AbstractBroadcastDispatch.dispatch(Lorg/gradle/internal/dispatch/MethodInvocation;Lorg/gradle/internal/dispatch/Dispatch;)V+2
j  org.gradle.internal.event.BroadcastDispatch$SingletonDispatch.dispatch(Lorg/gradle/internal/dispatch/MethodInvocation;)V+6
j  org.gradle.internal.event.BroadcastDispatch$SingletonDispatch.dispatch(Ljava/lang/Object;)V+5
j  org.gradle.internal.event.AbstractBroadcastDispatch.dispatch(Lorg/gradle/internal/dispatch/MethodInvocation;Ljava/util/Iterator;)V+25
j  org.gradle.internal.event.BroadcastDispatch$CompositeDispatch.dispatch(Lorg/gradle/internal/dispatch/MethodInvocation;)V+11
j  org.gradle.internal.event.BroadcastDispatch$CompositeDispatch.dispatch(Ljava/lang/Object;)V+5
j  org.gradle.internal.event.ListenerBroadcast.dispatch(Lorg/gradle/internal/dispatch/MethodInvocation;)V+5
j  org.gradle.internal.event.ListenerBroadcast.dispatch(Ljava/lang/Object;)V+5
j  org.gradle.internal.dispatch.ProxyDispatchAdapter$DispatchingInvocationHandler.invoke(Ljava/lang/Object;Ljava/lang/reflect/Method;[Ljava/lang/Object;)Ljava/lang/Object;+177
j  com.sun.proxy.$Proxy26.afterEvaluate(Lorg/gradle/api/Project;Lorg/gradle/api/ProjectState;)V+20
j  org.gradle.configuration.project.LifecycleProjectEvaluator$NotifyAfterEvaluate$1.execute(Lorg/gradle/api/ProjectEvaluationListener;)V+15
j  org.gradle.configuration.project.LifecycleProjectEvaluator$NotifyAfterEvaluate$1.execute(Ljava/lang/Object;)V+5
j  org.gradle.api.internal.project.DefaultProject.stepEvaluationListener(Lorg/gradle/api/ProjectEvaluationListener;Lorg/gradle/api/Action;)Lorg/gradle/api/ProjectEvaluationListener;+19
j  org.gradle.configuration.project.LifecycleProjectEvaluator$NotifyAfterEvaluate.run(Lorg/gradle/internal/operations/BuildOperationContext;)V+25
j  org.gradle.internal.operations.DefaultBuildOperationExecutor$RunnableBuildOperationWorker.execute(Lorg/gradle/internal/operations/RunnableBuildOperation;Lorg/gradle/internal/operations/BuildOperationContext;)V+2
j  org.gradle.internal.operations.DefaultBuildOperationExecutor$RunnableBuildOperationWorker.execute(Lorg/gradle/internal/operations/BuildOperation;Lorg/gradle/internal/operations/BuildOperationContext;)V+6
j  org.gradle.internal.operations.DefaultBuildOperationExecutor.execute(Lorg/gradle/internal/operations/BuildOperation;Lorg/gradle/internal/operations/BuildOperationWorker;Lorg/gradle/internal/operations/DefaultBuildOperationExecutor$BuildOperationState;)V+148
j  org.gradle.internal.operations.DefaultBuildOperationExecutor.run(Lorg/gradle/internal/operations/RunnableBuildOperation;)V+10
j  org.gradle.internal.operations.DelegatingBuildOperationExecutor.run(Lorg/gradle/internal/operations/RunnableBuildOperation;)V+5
j  org.gradle.configuration.project.LifecycleProjectEvaluator$EvaluateProject$1.run()V+141
j  org.gradle.internal.Factories$1.create()Ljava/lang/Object;+4
j  org.gradle.internal.work.DefaultWorkerLeaseService.withLocks(Ljava/lang/Iterable;Lorg/gradle/internal/Factory;)Ljava/lang/Object;+26
j  org.gradle.internal.work.StopShieldingWorkerLeaseService.withLocks(Ljava/lang/Iterable;Lorg/gradle/internal/Factory;)Ljava/lang/Object;+6
j  org.gradle.api.internal.project.DefaultProjectStateRegistry$ProjectStateImpl.withProjectLock(Lorg/gradle/internal/resources/ResourceLock;Lorg/gradle/internal/Factory;)Ljava/lang/Object;+12
j  org.gradle.api.internal.project.DefaultProjectStateRegistry$ProjectStateImpl.withMutableState(Lorg/gradle/internal/Factory;)Ljava/lang/Object;+134
j  org.gradle.api.internal.project.DefaultProjectStateRegistry$ProjectStateImpl.withMutableState(Ljava/lang/Runnable;)V+5
j  org.gradle.configuration.project.LifecycleProjectEvaluator$EvaluateProject.run(Lorg/gradle/internal/operations/BuildOperationContext;)V+18
j  org.gradle.internal.operations.DefaultBuildOperationExecutor$RunnableBuildOperationWorker.execute(Lorg/gradle/internal/operations/RunnableBuildOperation;Lorg/gradle/internal/operations/BuildOperationContext;)V+2
j  org.gradle.internal.operations.DefaultBuildOperationExecutor$RunnableBuildOperationWorker.execute(Lorg/gradle/internal/operations/BuildOperation;Lorg/gradle/internal/operations/BuildOperationContext;)V+6
j  org.gradle.internal.operations.DefaultBuildOperationExecutor.execute(Lorg/gradle/internal/operations/BuildOperation;Lorg/gradle/internal/operations/BuildOperationWorker;Lorg/gradle/internal/operations/DefaultBuildOperationExecutor$BuildOperationState;)V+148
j  org.gradle.internal.operations.DefaultBuildOperationExecutor.run(Lorg/gradle/internal/operations/RunnableBuildOperation;)V+10
j  org.gradle.internal.operations.DelegatingBuildOperationExecutor.run(Lorg/gradle/internal/operations/RunnableBuildOperation;)V+5
j  org.gradle.configuration.project.LifecycleProjectEvaluator.evaluate(Lorg/gradle/api/internal/project/ProjectInternal;Lorg/gradle/api/internal/project/ProjectStateInternal;)V+22
j  org.gradle.api.internal.project.DefaultProject.evaluate()Lorg/gradle/api/internal/project/DefaultProject;+9
j  org.gradle.api.internal.project.DefaultProject.evaluate()Lorg/gradle/api/Project;+1
j  org.gradle.execution.TaskPathProjectEvaluator.configure(Lorg/gradle/api/internal/project/ProjectInternal;)V+21
j  org.gradle.execution.TaskPathProjectEvaluator.configureHierarchy(Lorg/gradle/api/internal/project/ProjectInternal;)V+41
j  org.gradle.configuration.DefaultBuildConfigurer.configure(Lorg/gradle/api/internal/GradleInternal;)V+63
j  org.gradle.initialization.DefaultGradleLauncher$ConfigureBuild.run(Lorg/gradle/internal/operations/BuildOperationContext;)V+40
j  org.gradle.internal.operations.DefaultBuildOperationExecutor$RunnableBuildOperationWorker.execute(Lorg/gradle/internal/operations/RunnableBuildOperation;Lorg/gradle/internal/operations/BuildOperationContext;)V+2
j  org.gradle.internal.operations.DefaultBuildOperationExecutor$RunnableBuildOperationWorker.execute(Lorg/gradle/internal/operations/BuildOperation;Lorg/gradle/internal/operations/BuildOperationContext;)V+6
j  org.gradle.internal.operations.DefaultBuildOperationExecutor.execute(Lorg/gradle/internal/operations/BuildOperation;Lorg/gradle/internal/operations/BuildOperationWorker;Lorg/gradle/internal/operations/DefaultBuildOperationExecutor$BuildOperationState;)V+148
j  org.gradle.internal.operations.DefaultBuildOperationExecutor.run(Lorg/gradle/internal/operations/RunnableBuildOperation;)V+10
j  org.gradle.internal.operations.DelegatingBuildOperationExecutor.run(Lorg/gradle/internal/operations/RunnableBuildOperation;)V+5
j  org.gradle.initialization.DefaultGradleLauncher.configureBuild()V+23
j  org.gradle.initialization.DefaultGradleLauncher.doBuildStages(Lorg/gradle/initialization/DefaultGradleLauncher$Stage;)V+13
j  org.gradle.initialization.DefaultGradleLauncher.executeTasks()Lorg/gradle/api/internal/GradleInternal;+4
j  org.gradle.internal.invocation.GradleBuildController$1.execute(Lorg/gradle/initialization/GradleLauncher;)V+1
j  org.gradle.internal.invocation.GradleBuildController$1.execute(Ljava/lang/Object;)V+5
j  org.gradle.internal.invocation.GradleBuildController$3.create()Lorg/gradle/api/internal/GradleInternal;+31
j  org.gradle.internal.invocation.GradleBuildController$3.create()Ljava/lang/Object;+1
j  org.gradle.internal.work.DefaultWorkerLeaseService.withLocks(Ljava/lang/Iterable;Lorg/gradle/internal/Factory;)Ljava/lang/Object;+26
j  org.gradle.internal.work.StopShieldingWorkerLeaseService.withLocks(Ljava/lang/Iterable;Lorg/gradle/internal/Factory;)Ljava/lang/Object;+6
j  org.gradle.internal.invocation.GradleBuildController.doBuild(Lorg/gradle/api/internal/GradleInternal$BuildType;Lorg/gradle/api/Action;)Lorg/gradle/api/internal/GradleInternal;+26
j  org.gradle.internal.invocation.GradleBuildController.run()Lorg/gradle/api/internal/GradleInternal;+12
j  org.gradle.tooling.internal.provider.runner.BuildModelActionRunner.run(Lorg/gradle/internal/invocation/BuildAction;Lorg/gradle/internal/invocation/BuildController;)Lorg/gradle/internal/invocation/BuildActionRunner$Result;+78
j  org.gradle.launcher.exec.ChainingBuildActionRunner.run(Lorg/gradle/internal/invocation/BuildAction;Lorg/gradle/internal/invocation/BuildController;)Lorg/gradle/internal/invocation/BuildActionRunner$Result;+34
j  org.gradle.launcher.exec.ChainingBuildActionRunner.run(Lorg/gradle/internal/invocation/BuildAction;Lorg/gradle/internal/invocation/BuildController;)Lorg/gradle/internal/invocation/BuildActionRunner$Result;+34
j  org.gradle.launcher.exec.BuildOutcomeReportingBuildActionRunner.run(Lorg/gradle/internal/invocation/BuildAction;Lorg/gradle/internal/invocation/BuildController;)Lorg/gradle/internal/invocation/BuildActionRunner$Result;+143
j  org.gradle.tooling.internal.provider.ValidatingBuildActionRunner.run(Lorg/gradle/internal/invocation/BuildAction;Lorg/gradle/internal/invocation/BuildController;)Lorg/gradle/internal/invocation/BuildActionRunner$Result;+6
j  org.gradle.launcher.exec.BuildCompletionNotifyingBuildActionRunner.run(Lorg/gradle/internal/invocation/BuildAction;Lorg/gradle/internal/invocation/BuildController;)Lorg/gradle/internal/invocation/BuildActionRunner$Result;+28
j  org.gradle.launcher.exec.RunAsBuildOperationBuildActionRunner$3.call(Lorg/gradle/internal/operations/BuildOperationContext;)Lorg/gradle/internal/invocation/BuildActionRunner$Result;+68
j  org.gradle.launcher.exec.RunAsBuildOperationBuildActionRunner$3.call(Lorg/gradle/internal/operations/BuildOperationContext;)Ljava/lang/Object;+2
j  org.gradle.internal.operations.DefaultBuildOperationExecutor$CallableBuildOperationWorker.execute(Lorg/gradle/internal/operations/CallableBuildOperation;Lorg/gradle/internal/operations/BuildOperationContext;)V+3
j  org.gradle.internal.operations.DefaultBuildOperationExecutor$CallableBuildOperationWorker.execute(Lorg/gradle/internal/operations/BuildOperation;Lorg/gradle/internal/operations/BuildOperationContext;)V+6
j  org.gradle.internal.operations.DefaultBuildOperationExecutor.execute(Lorg/gradle/internal/operations/BuildOperation;Lorg/gradle/internal/operations/BuildOperationWorker;Lorg/gradle/internal/operations/DefaultBuildOperationExecutor$BuildOperationState;)V+148
j  org.gradle.internal.operations.DefaultBuildOperationExecutor.call(Lorg/gradle/internal/operations/CallableBuildOperation;)Ljava/lang/Object;+16
j  org.gradle.internal.operations.DelegatingBuildOperationExecutor.call(Lorg/gradle/internal/operations/CallableBuildOperation;)Ljava/lang/Object;+5
j  org.gradle.launcher.exec.RunAsBuildOperationBuildActionRunner.run(Lorg/gradle/internal/invocation/BuildAction;Lorg/gradle/internal/invocation/BuildController;)Lorg/gradle/internal/invocation/BuildActionRunner$Result;+33
j  org.gradle.launcher.exec.InProcessBuildActionExecuter$1.transform(Lorg/gradle/internal/invocation/BuildController;)Lorg/gradle/launcher/exec/BuildActionResult;+12
j  org.gradle.launcher.exec.InProcessBuildActionExecuter$1.transform(Ljava/lang/Object;)Ljava/lang/Object;+5
j  org.gradle.composite.internal.DefaultRootBuildState.run(Lorg/gradle/api/Transformer;)Ljava/lang/Object;+35
j  org.gradle.launcher.exec.InProcessBuildActionExecuter.execute(Lorg/gradle/internal/invocation/BuildAction;Lorg/gradle/initialization/BuildRequestContext;Lorg/gradle/launcher/exec/BuildActionParameters;Lorg/gradle/internal/service/ServiceRegistry;)Lorg/gradle/launcher/exec/BuildActionResult;+82
j  org.gradle.launcher.exec.InProcessBuildActionExecuter.execute(Lorg/gradle/internal/invocation/BuildAction;Lorg/gradle/initialization/BuildRequestContext;Ljava/lang/Object;Lorg/gradle/internal/service/ServiceRegistry;)Lorg/gradle/launcher/exec/BuildActionResult;+9
j  org.gradle.launcher.exec.BuildTreeScopeBuildActionExecuter.execute(Lorg/gradle/internal/invocation/BuildAction;Lorg/gradle/initialization/BuildRequestContext;Lorg/gradle/launcher/exec/BuildActionParameters;Lorg/gradle/internal/service/ServiceRegistry;)Lorg/gradle/launcher/exec/BuildActionResult;+38
j  org.gradle.launcher.exec.BuildTreeScopeBuildActionExecuter.execute(Lorg/gradle/internal/invocation/BuildAction;Lorg/gradle/initialization/BuildRequestContext;Ljava/lang/Object;Lorg/gradle/internal/service/ServiceRegistry;)Lorg/gradle/launcher/exec/BuildActionResult;+9
j  org.gradle.tooling.internal.provider.ContinuousBuildActionExecuter.execute(Lorg/gradle/internal/invocation/BuildAction;Lorg/gradle/initialization/BuildRequestContext;Lorg/gradle/launcher/exec/BuildActionParameters;Lorg/gradle/internal/service/ServiceRegistry;)Lorg/gradle/launcher/exec/BuildActionResult;+58
j  org.gradle.tooling.internal.provider.ContinuousBuildActionExecuter.execute(Lorg/gradle/internal/invocation/BuildAction;Lorg/gradle/initialization/BuildRequestContext;Ljava/lang/Object;Lorg/gradle/internal/service/ServiceRegistry;)Lorg/gradle/launcher/exec/BuildActionResult;+9
j  org.gradle.tooling.internal.provider.SubscribableBuildActionExecuter.execute(Lorg/gradle/internal/invocation/BuildAction;Lorg/gradle/initialization/BuildRequestContext;Lorg/gradle/launcher/exec/BuildActionParameters;Lorg/gradle/internal/service/ServiceRegistry;)Lorg/gradle/launcher/exec/BuildActionResult;+45
j  org.gradle.tooling.internal.provider.SubscribableBuildActionExecuter.execute(Lorg/gradle/internal/invocation/BuildAction;Lorg/gradle/initialization/BuildRequestContext;Ljava/lang/Object;Lorg/gradle/internal/service/ServiceRegistry;)Lorg/gradle/launcher/exec/BuildActionResult;+9
j  org.gradle.tooling.internal.provider.SessionScopeBuildActionExecuter.execute(Lorg/gradle/internal/invocation/BuildAction;Lorg/gradle/initialization/BuildRequestContext;Lorg/gradle/launcher/exec/BuildActionParameters;Lorg/gradle/internal/service/ServiceRegistry;)Lorg/gradle/launcher/exec/BuildActionResult;+117
j  org.gradle.tooling.internal.provider.SessionScopeBuildActionExecuter.execute(Lorg/gradle/internal/invocation/BuildAction;Lorg/gradle/initialization/BuildRequestContext;Ljava/lang/Object;Lorg/gradle/internal/service/ServiceRegistry;)Lorg/gradle/launcher/exec/BuildActionResult;+9
j  org.gradle.tooling.internal.provider.GradleThreadBuildActionExecuter.execute(Lorg/gradle/internal/invocation/BuildAction;Lorg/gradle/initialization/BuildRequestContext;Lorg/gradle/launcher/exec/BuildActionParameters;Lorg/gradle/internal/service/ServiceRegistry;)Lorg/gradle/launcher/exec/BuildActionResult;+12
j  org.gradle.tooling.internal.provider.GradleThreadBuildActionExecuter.execute(Lorg/gradle/internal/invocation/BuildAction;Lorg/gradle/initialization/BuildRequestContext;Ljava/lang/Object;Lorg/gradle/internal/service/ServiceRegistry;)Lorg/gradle/launcher/exec/BuildActionResult;+9
j  org.gradle.tooling.internal.provider.ParallelismConfigurationBuildActionExecuter.execute(Lorg/gradle/internal/invocation/BuildAction;Lorg/gradle/initialization/BuildRequestContext;Lorg/gradle/launcher/exec/BuildActionParameters;Lorg/gradle/internal/service/ServiceRegistry;)Lorg/gradle/launcher/exec/BuildActionResult;+43
j  org.gradle.tooling.internal.provider.ParallelismConfigurationBuildActionExecuter.execute(Lorg/gradle/internal/invocation/BuildAction;Lorg/gradle/initialization/BuildRequestContext;Ljava/lang/Object;Lorg/gradle/internal/service/ServiceRegistry;)Lorg/gradle/launcher/exec/BuildActionResult;+9
j  org.gradle.tooling.internal.provider.StartParamsValidatingActionExecuter.execute(Lorg/gradle/internal/invocation/BuildAction;Lorg/gradle/initialization/BuildRequestContext;Lorg/gradle/launcher/exec/BuildActionParameters;Lorg/gradle/internal/service/ServiceRegistry;)Lorg/gradle/launcher/exec/BuildActionResult;+177
j  org.gradle.tooling.internal.provider.StartParamsValidatingActionExecuter.execute(Lorg/gradle/internal/invocation/BuildAction;Lorg/gradle/initialization/BuildRequestContext;Ljava/lang/Object;Lorg/gradle/internal/service/ServiceRegistry;)Lorg/gradle/launcher/exec/BuildActionResult;+9
j  org.gradle.tooling.internal.provider.SessionFailureReportingActionExecuter.execute(Lorg/gradle/internal/invocation/BuildAction;Lorg/gradle/initialization/BuildRequestContext;Lorg/gradle/launcher/exec/BuildActionParameters;Lorg/gradle/internal/service/ServiceRegistry;)Lorg/gradle/launcher/exec/BuildActionResult;+9
j  org.gradle.tooling.internal.provider.SessionFailureReportingActionExecuter.execute(Lorg/gradle/internal/invocation/BuildAction;Lorg/gradle/initialization/BuildRequestContext;Ljava/lang/Object;Lorg/gradle/internal/service/ServiceRegistry;)Lorg/gradle/launcher/exec/BuildActionResult;+9
j  org.gradle.tooling.internal.provider.SetupLoggingActionExecuter.execute(Lorg/gradle/internal/invocation/BuildAction;Lorg/gradle/initialization/BuildRequestContext;Lorg/gradle/launcher/exec/BuildActionParameters;Lorg/gradle/internal/service/ServiceRegistry;)Lorg/gradle/launcher/exec/BuildActionResult;+52
j  org.gradle.tooling.internal.provider.SetupLoggingActionExecuter.execute(Lorg/gradle/internal/invocation/BuildAction;Lorg/gradle/initialization/BuildRequestContext;Ljava/lang/Object;Lorg/gradle/internal/service/ServiceRegistry;)Lorg/gradle/launcher/exec/BuildActionResult;+9
j  org.gradle.launcher.daemon.server.exec.ExecuteBuild.doBuild(Lorg/gradle/launcher/daemon/server/api/DaemonCommandExecution;Lorg/gradle/launcher/daemon/protocol/Build;)V+118
j  org.gradle.launcher.daemon.server.exec.BuildCommandOnly.execute(Lorg/gradle/launcher/daemon/server/api/DaemonCommandExecution;)V+49
j  org.gradle.launcher.daemon.server.api.DaemonCommandExecution.proceed()Z+28
j  org.gradle.launcher.daemon.server.exec.WatchForDisconnection.execute(Lorg/gradle/launcher/daemon/server/api/DaemonCommandExecution;)V+19
j  org.gradle.launcher.daemon.server.api.DaemonCommandExecution.proceed()Z+28
j  org.gradle.launcher.daemon.server.exec.ResetDeprecationLogger.execute(Lorg/gradle/launcher/daemon/server/api/DaemonCommandExecution;)V+4
j  org.gradle.launcher.daemon.server.api.DaemonCommandExecution.proceed()Z+28
j  org.gradle.launcher.daemon.server.exec.RequestStopIfSingleUsedDaemon.execute(Lorg/gradle/launcher/daemon/server/api/DaemonCommandExecution;)V+33
j  org.gradle.launcher.daemon.server.api.DaemonCommandExecution.proceed()Z+28
j  org.gradle.launcher.daemon.server.exec.ForwardClientInput$2.call()Ljava/lang/Void;+4
j  org.gradle.launcher.daemon.server.exec.ForwardClientInput$2.call()Ljava/lang/Object;+1
j  org.gradle.util.Swapper.swap(Ljava/lang/Object;Ljava/util/concurrent/Callable;)Ljava/lang/Object;+21
j  org.gradle.launcher.daemon.server.exec.ForwardClientInput.execute(Lorg/gradle/launcher/daemon/server/api/DaemonCommandExecution;)V+63
j  org.gradle.launcher.daemon.server.api.DaemonCommandExecution.proceed()Z+28
j  org.gradle.launcher.daemon.server.exec.LogAndCheckHealth.execute(Lorg/gradle/launcher/daemon/server/api/DaemonCommandExecution;)V+28
j  org.gradle.launcher.daemon.server.api.DaemonCommandExecution.proceed()Z+28
j  org.gradle.launcher.daemon.server.exec.LogToClient.doBuild(Lorg/gradle/launcher/daemon/server/api/DaemonCommandExecution;Lorg/gradle/launcher/daemon/protocol/Build;)V+87
j  org.gradle.launcher.daemon.server.exec.BuildCommandOnly.execute(Lorg/gradle/launcher/daemon/server/api/DaemonCommandExecution;)V+49
j  org.gradle.launcher.daemon.server.api.DaemonCommandExecution.proceed()Z+28
j  org.gradle.launcher.daemon.server.exec.EstablishBuildEnvironment.doBuild(Lorg/gradle/launcher/daemon/server/api/DaemonCommandExecution;Lorg/gradle/launcher/daemon/protocol/Build;)V+355
j  org.gradle.launcher.daemon.server.exec.BuildCommandOnly.execute(Lorg/gradle/launcher/daemon/server/api/DaemonCommandExecution;)V+49
j  org.gradle.launcher.daemon.server.api.DaemonCommandExecution.proceed()Z+28
j  org.gradle.launcher.daemon.server.exec.StartBuildOrRespondWithBusy$1.run()V+44
j  org.gradle.launcher.daemon.server.DaemonStateCoordinator$1.run()V+4
j  org.gradle.internal.concurrent.ExecutorPolicy$CatchAndRecordFailures.onExecute(Ljava/lang/Runnable;)V+1
j  org.gradle.internal.concurrent.ManagedExecutorImpl$1.run()V+25
j  java.util.concurrent.ThreadPoolExecutor.runWorker(Ljava/util/concurrent/ThreadPoolExecutor$Worker;)V+95
j  java.util.concurrent.ThreadPoolExecutor$Worker.run()V+5
j  org.gradle.internal.concurrent.ThreadFactoryImpl$ManagedThreadRunnable.run()V+7
j  java.lang.Thread.run()V+11
v  ~StubRoutines::call_stub

---------------  P R O C E S S  ---------------

Java Threads: ( => current thread )
  0x000000001e35e800 JavaThread "Cache worker for Build Output Cleanup Cache (C:\Users\Zoran\AndroidStudioProjects\CookBook\.gradle\buildOutputCleanup)" [_thread_blocked, id=14024, stack(0x0000000023540000,0x0000000023640000)]
  0x000000001e35a000 JavaThread "Build operations Thread 8" [_thread_blocked, id=13408, stack(0x0000000022e40000,0x0000000022f40000)]
  0x000000001e35d800 JavaThread "Build operations Thread 7" [_thread_blocked, id=6204, stack(0x0000000022d40000,0x0000000022e40000)]
  0x000000001e356000 JavaThread "Build operations Thread 6" [_thread_blocked, id=10336, stack(0x0000000022c40000,0x0000000022d40000)]
  0x000000001e35b800 JavaThread "Build operations Thread 5" [_thread_blocked, id=13760, stack(0x0000000022b40000,0x0000000022c40000)]
  0x000000001e35d000 JavaThread "Build operations Thread 4" [_thread_blocked, id=12368, stack(0x0000000022a40000,0x0000000022b40000)]
  0x000000001e357800 JavaThread "Build operations Thread 3" [_thread_blocked, id=12848, stack(0x0000000022680000,0x0000000022780000)]
  0x000000001e355800 JavaThread "Build operations Thread 2" [_thread_blocked, id=7476, stack(0x0000000022580000,0x0000000022680000)]
  0x000000001e35a800 JavaThread "Build operations" [_thread_blocked, id=5088, stack(0x0000000022480000,0x0000000022580000)]
  0x000000001e35c000 JavaThread "Cache worker for execution history cache (C:\Users\Zoran\.gradle\caches\5.1.1\executionHistory)" [_thread_blocked, id=4588, stack(0x0000000022180000,0x0000000022280000)]
  0x000000001a983800 JavaThread "Cache worker for cache directory md-rule (C:\Users\Zoran\.gradle\caches\5.1.1\md-rule)" [_thread_blocked, id=10436, stack(0x0000000021f30000,0x0000000022030000)]
  0x000000001a983000 JavaThread "Cache worker for cache directory md-supplier (C:\Users\Zoran\.gradle\caches\5.1.1\md-supplier)" [_thread_blocked, id=3808, stack(0x000000001fe90000,0x000000001ff90000)]
  0x000000001a981800 JavaThread "Cache worker for file hash cache (C:\Users\Zoran\AndroidStudioProjects\CookBook\.gradle\5.1.1\fileHashes)" [_thread_blocked, id=11404, stack(0x000000001e3c0000,0x000000001e4c0000)]
  0x000000001a986800 JavaThread "Cache worker for journal cache (C:\Users\Zoran\.gradle\caches\journal-1)" [_thread_blocked, id=2632, stack(0x000000001c120000,0x000000001c220000)]
  0x000000001a985000 JavaThread "File lock request listener" [_thread_in_native, id=7616, stack(0x000000001c020000,0x000000001c120000)]
  0x000000001a8b5800 JavaThread "Cache worker for file hash cache (C:\Users\Zoran\.gradle\caches\5.1.1\fileHashes)" [_thread_blocked, id=5460, stack(0x000000001bf20000,0x000000001c020000)]
  0x000000001a6cc800 JavaThread "Thread-8" [_thread_blocked, id=10128, stack(0x000000001be20000,0x000000001bf20000)]
  0x000000001a6c1000 JavaThread "Stdin handler" [_thread_blocked, id=7032, stack(0x000000001bd20000,0x000000001be20000)]
  0x000000001a6c0000 JavaThread "Asynchronous log dispatcher for DefaultDaemonConnection: socket connection from /127.0.0.1:50655 to /127.0.0.1:50656" [_thread_blocked, id=6900, stack(0x000000001bc20000,0x000000001bd20000)]
=>0x000000001a7b6800 JavaThread "Daemon worker" [_thread_in_vm, id=12008, stack(0x000000001b920000,0x000000001ba20000)]
  0x000000001a7b3800 JavaThread "Cancel handler" [_thread_blocked, id=3960, stack(0x000000001b820000,0x000000001b920000)]
  0x000000001a6e8000 JavaThread "Handler for socket connection from /127.0.0.1:50655 to /127.0.0.1:50656" [_thread_in_native, id=12016, stack(0x000000001b720000,0x000000001b820000)]
  0x000000001a6e7800 JavaThread "Daemon" [_thread_blocked, id=14420, stack(0x000000001b620000,0x000000001b720000)]
  0x000000001a4be000 JavaThread "Daemon periodic checks" [_thread_blocked, id=7816, stack(0x000000001b520000,0x000000001b620000)]
  0x000000001a4bd000 JavaThread "Incoming local TCP Connector on port 50655" [_thread_in_native, id=13336, stack(0x000000001b2e0000,0x000000001b3e0000)]
  0x0000000018895800 JavaThread "Service Thread" daemon [_thread_blocked, id=3552, stack(0x00000000193d0000,0x00000000194d0000)]
  0x000000001880a000 JavaThread "C1 CompilerThread3" daemon [_thread_blocked, id=1520, stack(0x00000000192d0000,0x00000000193d0000)]
  0x00000000168fe000 JavaThread "C2 CompilerThread2" daemon [_thread_in_native, id=9272, stack(0x00000000191d0000,0x00000000192d0000)]
  0x0000000018802000 JavaThread "C2 CompilerThread1" daemon [_thread_blocked, id=11044, stack(0x00000000190d0000,0x00000000191d0000)]
  0x00000000187ff800 JavaThread "C2 CompilerThread0" daemon [_thread_in_native, id=14712, stack(0x0000000018fd0000,0x00000000190d0000)]
  0x00000000187fd800 JavaThread "Attach Listener" daemon [_thread_blocked, id=1940, stack(0x0000000018ed0000,0x0000000018fd0000)]
  0x00000000187fa000 JavaThread "Signal Dispatcher" daemon [_thread_blocked, id=2408, stack(0x0000000018dd0000,0x0000000018ed0000)]
  0x00000000187f0800 JavaThread "Finalizer" daemon [_thread_blocked, id=13320, stack(0x0000000018bd0000,0x0000000018cd0000)]
  0x0000000002b24000 JavaThread "Reference Handler" daemon [_thread_blocked, id=10132, stack(0x00000000186d0000,0x00000000187d0000)]
  0x0000000002a2d800 JavaThread "main" [_thread_blocked, id=8392, stack(0x00000000028b0000,0x00000000029b0000)]

Other Threads:
  0x00000000168e8800 VMThread [stack: 0x00000000185d0000,0x00000000186d0000] [id=10212]
  0x0000000018896000 WatcherThread [stack: 0x00000000194d0000,0x00000000195d0000] [id=3928]

VM state:not at safepoint (normal execution)

VM Mutex/Monitor currently owned by a thread: None

Heap:
 PSYoungGen      total 108032K, used 26232K [0x00000000e0000000, 0x00000000e9a00000, 0x0000000100000000)
  eden space 95744K, 14% used [0x00000000e0000000,0x00000000e0da2cb8,0x00000000e5d80000)
  from space 12288K, 99% used [0x00000000e5d80000,0x00000000e697b380,0x00000000e6980000)
  to   space 13824K, 0% used [0x00000000e8c80000,0x00000000e8c80000,0x00000000e9a00000)
 ParOldGen       total 185344K, used 17883K [0x00000000a0000000, 0x00000000ab500000, 0x00000000e0000000)
  object space 185344K, 9% used [0x00000000a0000000,0x00000000a1176e10,0x00000000ab500000)
 Metaspace       used 44563K, capacity 45420K, committed 45912K, reserved 1089536K
  class space    used 6015K, capacity 6251K, committed 6272K, reserved 1048576K

Card table byte_map: [0x0000000011ef0000,0x0000000012200000] byte_map_base: 0x00000000119f0000

Marking Bits: (ParMarkBitMap*) 0x00000000642d5aa0
 Begin Bits: [0x0000000012c00000, 0x0000000014400000)
 End Bits:   [0x0000000014400000, 0x0000000015c00000)

Polling page: 0x0000000000b50000

CodeCache: size=245760Kb used=13590Kb max_used=13615Kb free=232169Kb
 bounds [0x0000000002b30000, 0x0000000003890000, 0x0000000011b30000]
 total_blobs=4541 nmethods=3789 adapters=665
 compilation: enabled

Compilation events (10 events):
Event: 4.493 Thread 0x000000001880a000 3785       3       com.google.common.collect.MapMakerInternalMap$StrongKeyWeakValueEntry::copy (34 bytes)
Event: 4.493 Thread 0x000000001880a000 nmethod 3785 0x0000000003867ed0 code [0x0000000003868060, 0x00000000038684e8]
Event: 4.503 Thread 0x000000001880a000 3787       3       java.lang.invoke.TypeConvertingMethodAdapter::cast (42 bytes)
Event: 4.503 Thread 0x000000001880a000 nmethod 3787 0x0000000003867590 code [0x0000000003867740, 0x0000000003867ce8]
Event: 4.504 Thread 0x000000001880a000 3788       3       jdk.internal.org.objectweb.asm.MethodWriter::put (1599 bytes)
Event: 4.508 Thread 0x000000001880a000 nmethod 3788 0x00000000038695d0 code [0x0000000003869e60, 0x000000000386d818]
Event: 4.509 Thread 0x000000001880a000 3789       1       java.util.Formatter$FixedString::index (3 bytes)
Event: 4.509 Thread 0x000000001880a000 nmethod 3789 0x00000000038672d0 code [0x0000000003867420, 0x0000000003867530]
Event: 4.512 Thread 0x000000001880a000 3791       3       java.util.Formatter::checkText (58 bytes)
Event: 4.512 Thread 0x000000001880a000 nmethod 3791 0x000000000386fcd0 code [0x000000000386fec0, 0x0000000003870868]

GC Heap History (10 events):
Event: 2.806 GC heap before
{Heap before GC invocations=5 (full 1):
 PSYoungGen      total 76288K, used 65536K [0x00000000e0000000, 0x00000000e5500000, 0x0000000100000000)
  eden space 65536K, 100% used [0x00000000e0000000,0x00000000e4000000,0x00000000e4000000)
  from space 10752K, 0% used [0x00000000e4000000,0x00000000e4000000,0x00000000e4a80000)
  to   space 10752K, 0% used [0x00000000e4a80000,0x00000000e4a80000,0x00000000e5500000)
 ParOldGen       total 113152K, used 10508K [0x00000000a0000000, 0x00000000a6e80000, 0x00000000e0000000)
  object space 113152K, 9% used [0x00000000a0000000,0x00000000a0a43370,0x00000000a6e80000)
 Metaspace       used 28287K, capacity 28678K, committed 29056K, reserved 1075200K
  class space    used 3802K, capacity 3950K, committed 3968K, reserved 1048576K
Event: 2.811 GC heap after
Heap after GC invocations=5 (full 1):
 PSYoungGen      total 76288K, used 7665K [0x00000000e0000000, 0x00000000e7080000, 0x0000000100000000)
  eden space 65536K, 0% used [0x00000000e0000000,0x00000000e0000000,0x00000000e4000000)
  from space 10752K, 71% used [0x00000000e4a80000,0x00000000e51fc5e0,0x00000000e5500000)
  to   space 10752K, 0% used [0x00000000e4000000,0x00000000e4000000,0x00000000e4a80000)
 ParOldGen       total 113152K, used 10516K [0x00000000a0000000, 0x00000000a6e80000, 0x00000000e0000000)
  object space 113152K, 9% used [0x00000000a0000000,0x00000000a0a45370,0x00000000a6e80000)
 Metaspace       used 28287K, capacity 28678K, committed 29056K, reserved 1075200K
  class space    used 3802K, capacity 3950K, committed 3968K, reserved 1048576K
}
Event: 3.135 GC heap before
{Heap before GC invocations=6 (full 1):
 PSYoungGen      total 76288K, used 73201K [0x00000000e0000000, 0x00000000e7080000, 0x0000000100000000)
  eden space 65536K, 100% used [0x00000000e0000000,0x00000000e4000000,0x00000000e4000000)
  from space 10752K, 71% used [0x00000000e4a80000,0x00000000e51fc5e0,0x00000000e5500000)
  to   space 10752K, 0% used [0x00000000e4000000,0x00000000e4000000,0x00000000e4a80000)
 ParOldGen       total 113152K, used 10516K [0x00000000a0000000, 0x00000000a6e80000, 0x00000000e0000000)
  object space 113152K, 9% used [0x00000000a0000000,0x00000000a0a45370,0x00000000a6e80000)
 Metaspace       used 31598K, capacity 31990K, committed 32512K, reserved 1077248K
  class space    used 4351K, capacity 4497K, committed 4608K, reserved 1048576K
Event: 3.139 GC heap after
Heap after GC invocations=6 (full 1):
 PSYoungGen      total 76288K, used 8386K [0x00000000e0000000, 0x00000000e7580000, 0x0000000100000000)
  eden space 65536K, 0% used [0x00000000e0000000,0x00000000e0000000,0x00000000e4000000)
  from space 10752K, 78% used [0x00000000e4000000,0x00000000e4830ad8,0x00000000e4a80000)
  to   space 12288K, 0% used [0x00000000e6980000,0x00000000e6980000,0x00000000e7580000)
 ParOldGen       total 113152K, used 10524K [0x00000000a0000000, 0x00000000a6e80000, 0x00000000e0000000)
  object space 113152K, 9% used [0x00000000a0000000,0x00000000a0a47370,0x00000000a6e80000)
 Metaspace       used 31598K, capacity 31990K, committed 32512K, reserved 1077248K
  class space    used 4351K, capacity 4497K, committed 4608K, reserved 1048576K
}
Event: 3.633 GC heap before
{Heap before GC invocations=7 (full 1):
 PSYoungGen      total 76288K, used 57443K [0x00000000e0000000, 0x00000000e7580000, 0x0000000100000000)
  eden space 65536K, 74% used [0x00000000e0000000,0x00000000e2fe8430,0x00000000e4000000)
  from space 10752K, 78% used [0x00000000e4000000,0x00000000e4830ad8,0x00000000e4a80000)
  to   space 12288K, 0% used [0x00000000e6980000,0x00000000e6980000,0x00000000e7580000)
 ParOldGen       total 113152K, used 10524K [0x00000000a0000000, 0x00000000a6e80000, 0x00000000e0000000)
  object space 113152K, 9% used [0x00000000a0000000,0x00000000a0a47370,0x00000000a6e80000)
 Metaspace       used 34629K, capacity 35288K, committed 35416K, reserved 1079296K
  class space    used 4790K, capacity 4987K, committed 4992K, reserved 1048576K
Event: 3.640 GC heap after
Heap after GC invocations=7 (full 1):
 PSYoungGen      total 108032K, used 10284K [0x00000000e0000000, 0x00000000e7680000, 0x0000000100000000)
  eden space 95744K, 0% used [0x00000000e0000000,0x00000000e0000000,0x00000000e5d80000)
  from space 12288K, 83% used [0x00000000e6980000,0x00000000e738b060,0x00000000e7580000)
  to   space 12288K, 0% used [0x00000000e5d80000,0x00000000e5d80000,0x00000000e6980000)
 ParOldGen       total 113152K, used 10532K [0x00000000a0000000, 0x00000000a6e80000, 0x00000000e0000000)
  object space 113152K, 9% used [0x00000000a0000000,0x00000000a0a49370,0x00000000a6e80000)
 Metaspace       used 34629K, capacity 35288K, committed 35416K, reserved 1079296K
  class space    used 4790K, capacity 4987K, committed 4992K, reserved 1048576K
}
Event: 3.640 GC heap before
{Heap before GC invocations=8 (full 2):
 PSYoungGen      total 108032K, used 10284K [0x00000000e0000000, 0x00000000e7680000, 0x0000000100000000)
  eden space 95744K, 0% used [0x00000000e0000000,0x00000000e0000000,0x00000000e5d80000)
  from space 12288K, 83% used [0x00000000e6980000,0x00000000e738b060,0x00000000e7580000)
  to   space 12288K, 0% used [0x00000000e5d80000,0x00000000e5d80000,0x00000000e6980000)
 ParOldGen       total 113152K, used 10532K [0x00000000a0000000, 0x00000000a6e80000, 0x00000000e0000000)
  object space 113152K, 9% used [0x00000000a0000000,0x00000000a0a49370,0x00000000a6e80000)
 Metaspace       used 34629K, capacity 35288K, committed 35416K, reserved 1079296K
  class space    used 4790K, capacity 4987K, committed 4992K, reserved 1048576K
Event: 3.674 GC heap after
Heap after GC invocations=8 (full 2):
 PSYoungGen      total 108032K, used 0K [0x00000000e0000000, 0x00000000e7680000, 0x0000000100000000)
  eden space 95744K, 0% used [0x00000000e0000000,0x00000000e0000000,0x00000000e5d80000)
  from space 12288K, 0% used [0x00000000e6980000,0x00000000e6980000,0x00000000e7580000)
  to   space 12288K, 0% used [0x00000000e5d80000,0x00000000e5d80000,0x00000000e6980000)
 ParOldGen       total 185344K, used 17127K [0x00000000a0000000, 0x00000000ab500000, 0x00000000e0000000)
  object space 185344K, 9% used [0x00000000a0000000,0x00000000a10b9c60,0x00000000ab500000)
 Metaspace       used 34592K, capacity 35162K, committed 35416K, reserved 1079296K
  class space    used 4778K, capacity 4966K, committed 4992K, reserved 1048576K
}
Event: 4.452 GC heap before
{Heap before GC invocations=9 (full 2):
 PSYoungGen      total 108032K, used 95744K [0x00000000e0000000, 0x00000000e7680000, 0x0000000100000000)
  eden space 95744K, 100% used [0x00000000e0000000,0x00000000e5d80000,0x00000000e5d80000)
  from space 12288K, 0% used [0x00000000e6980000,0x00000000e6980000,0x00000000e7580000)
  to   space 12288K, 0% used [0x00000000e5d80000,0x00000000e5d80000,0x00000000e6980000)
 ParOldGen       total 185344K, used 17127K [0x00000000a0000000, 0x00000000ab500000, 0x00000000e0000000)
  object space 185344K, 9% used [0x00000000a0000000,0x00000000a10b9c60,0x00000000ab500000)
 Metaspace       used 43892K, capacity 44696K, committed 45016K, reserved 1087488K
  class space    used 5904K, capacity 6118K, committed 6144K, reserved 1048576K
Event: 4.459 GC heap after
Heap after GC invocations=9 (full 2):
 PSYoungGen      total 108032K, used 12268K [0x00000000e0000000, 0x00000000e9a00000, 0x0000000100000000)
  eden space 95744K, 0% used [0x00000000e0000000,0x00000000e0000000,0x00000000e5d80000)
  from space 12288K, 99% used [0x00000000e5d80000,0x00000000e697b380,0x00000000e6980000)
  to   space 13824K, 0% used [0x00000000e8c80000,0x00000000e8c80000,0x00000000e9a00000)
 ParOldGen       total 185344K, used 17883K [0x00000000a0000000, 0x00000000ab500000, 0x00000000e0000000)
  object space 185344K, 9% used [0x00000000a0000000,0x00000000a1176e10,0x00000000ab500000)
 Metaspace       used 43892K, capacity 44696K, committed 45016K, reserved 1087488K
  class space    used 5904K, capacity 6118K, committed 6144K, reserved 1048576K
}

Deoptimization events (10 events):
Event: 3.722 Thread 0x000000001a7b6800 Uncommon trap: reason=unstable_if action=reinterpret pc=0x000000000316c4dc method=sun.misc.MetaIndex.mayContain(Ljava/lang/String;)Z @ 38
Event: 3.723 Thread 0x000000001a7b6800 Uncommon trap: reason=unstable_if action=reinterpret pc=0x0000000003522b8c method=java.security.CodeSource.hashCode()I @ 4
Event: 4.013 Thread 0x000000001a7b6800 Uncommon trap: reason=unstable_if action=reinterpret pc=0x0000000002fde10c method=java.util.jar.Attributes$Name.isDigit(C)Z @ 3
Event: 4.029 Thread 0x000000001a7b6800 Uncommon trap: reason=unstable_if action=reinterpret pc=0x00000000033e6f98 method=java.util.HashMap.putVal(ILjava/lang/Object;Ljava/lang/Object;ZZ)Ljava/lang/Object; @ 236
Event: 4.043 Thread 0x000000001a7b6800 Uncommon trap: reason=unstable_if action=reinterpret pc=0x0000000002fd6ffc method=java.lang.CharacterDataLatin1.isWhitespace(I)Z @ 14
Event: 4.076 Thread 0x000000001a7b6800 Uncommon trap: reason=unstable_if action=reinterpret pc=0x000000000356c4a4 method=java.util.jar.JarFile.getInputStream(Ljava/util/zip/ZipEntry;)Ljava/io/InputStream; @ 37
Event: 4.078 Thread 0x000000001a7b6800 Uncommon trap: reason=unstable_if action=reinterpret pc=0x000000000306432c method=java.security.CodeSource.getCertificates()[Ljava/security/cert/Certificate; @ 22
Event: 4.079 Thread 0x000000001a7b6800 Uncommon trap: reason=unstable_if action=reinterpret pc=0x000000000360a6f0 method=java.security.CodeSource.matchCerts(Ljava/security/CodeSource;Z)Z @ 11
Event: 4.094 Thread 0x000000001a7b6800 Uncommon trap: reason=unstable_if action=reinterpret pc=0x0000000003657a50 method=java.util.LinkedHashMap.get(Ljava/lang/Object;)Ljava/lang/Object; @ 20
Event: 4.137 Thread 0x000000001a7b6800 Uncommon trap: reason=unstable_if action=reinterpret pc=0x00000000033ee124 method=org.objectweb.asm.ByteVector.putUTF8(Ljava/lang/String;)Lorg/objectweb/asm/ByteVector; @ 93

Classes redefined (0 events):
No events

Internal exceptions (10 events):
Event: 4.471 Thread 0x000000001a7b6800 Exception <a 'java/lang/ClassNotFoundException': com/android/build/gradle/internal/CompileOptionsCustomizer> (0x00000000e02e14a8) thrown at [D:\src\AOSP-openjdk-cygwin\jdk8u\hotspot\src\share\vm\classfile\systemDictionary.cpp, line 210]
Event: 4.472 Thread 0x000000001a7b6800 Exception <a 'java/lang/ClassNotFoundException': com/android/build/gradle/internal/CompileOptions_DecoratedCustomizer> (0x00000000e03098c0) thrown at [D:\src\AOSP-openjdk-cygwin\jdk8u\hotspot\src\share\vm\classfile\systemDictionary.cpp, line 210]
Event: 4.479 Thread 0x000000001a7b6800 Exception <a 'java/lang/ClassNotFoundException': org/gradle/api/internal/file/collections/DefaultConfigurableFileTreeBeanInfo> (0x00000000e04dc5b0) thrown at [D:\src\AOSP-openjdk-cygwin\jdk8u\hotspot\src\share\vm\classfile\systemDictionary.cpp, line 210]
Event: 4.480 Thread 0x000000001a7b6800 Exception <a 'java/lang/ClassNotFoundException': org/gradle/api/internal/file/CompositeFileTreeBeanInfo> (0x00000000e05113b8) thrown at [D:\src\AOSP-openjdk-cygwin\jdk8u\hotspot\src\share\vm\classfile\systemDictionary.cpp, line 210]
Event: 4.480 Thread 0x000000001a7b6800 Exception <a 'java/lang/ClassNotFoundException': org/gradle/api/internal/file/CompositeFileCollectionBeanInfo> (0x00000000e054a2e0) thrown at [D:\src\AOSP-openjdk-cygwin\jdk8u\hotspot\src\share\vm\classfile\systemDictionary.cpp, line 210]
Event: 4.481 Thread 0x000000001a7b6800 Exception <a 'java/lang/ClassNotFoundException': org/gradle/api/internal/file/AbstractFileCollectionBeanInfo> (0x00000000e05830a0) thrown at [D:\src\AOSP-openjdk-cygwin\jdk8u\hotspot\src\share\vm\classfile\systemDictionary.cpp, line 210]
Event: 4.481 Thread 0x000000001a7b6800 Exception <a 'java/lang/ClassNotFoundException': org/gradle/api/internal/file/AbstractFileCollectionCustomizer> (0x00000000e05bcb70) thrown at [D:\src\AOSP-openjdk-cygwin\jdk8u\hotspot\src\share\vm\classfile\systemDictionary.cpp, line 210]
Event: 4.482 Thread 0x000000001a7b6800 Exception <a 'java/lang/ClassNotFoundException': org/gradle/api/internal/file/CompositeFileCollectionCustomizer> (0x00000000e0603c80) thrown at [D:\src\AOSP-openjdk-cygwin\jdk8u\hotspot\src\share\vm\classfile\systemDictionary.cpp, line 210]
Event: 4.482 Thread 0x000000001a7b6800 Exception <a 'java/lang/ClassNotFoundException': org/gradle/api/internal/file/CompositeFileTreeCustomizer> (0x00000000e06495b0) thrown at [D:\src\AOSP-openjdk-cygwin\jdk8u\hotspot\src\share\vm\classfile\systemDictionary.cpp, line 210]
Event: 4.483 Thread 0x000000001a7b6800 Exception <a 'java/lang/ClassNotFoundException': org/gradle/api/internal/file/collections/DefaultConfigurableFileTreeCustomizer> (0x00000000e0698c88) thrown at [D:\src\AOSP-openjdk-cygwin\jdk8u\hotspot\src\share\vm\classfile\systemDictionary.cpp, line 210

Events (10 events):
Event: 4.534 loading class com/android/sdklib/repository/legacy/remote/internal/sources/SdkRepoSource
Event: 4.534 loading class com/android/sdklib/repository/legacy/remote/internal/sources/SdkRepoSource done
Event: 4.534 loading class com/android/sdklib/repository/legacy/remote/internal/sources/SdkAddonSource
Event: 4.534 loading class com/android/sdklib/repository/legacy/remote/internal/sources/SdkAddonSource done
Event: 4.535 loading class com/android/sdklib/repository/legacy/remote/internal/sources/SdkSysImgSource
Event: 4.535 loading class com/android/sdklib/repository/legacy/remote/internal/sources/SdkSysImgSource done
Event: 4.535 loading class com/android/sdklib/repository/legacy/LegacyLocalRepoLoader
Event: 4.535 loading class com/android/sdklib/repository/legacy/LegacyLocalRepoLoader done
Event: 4.535 loading class com/android/sdklib/repository/legacy/local/LocalSdk
Event: 4.535 loading class com/android/sdklib/repository/legacy/local/LocalSdk done


Dynamic libraries:
0x00007ff77ecb0000 - 0x00007ff77ece1000 	C:\Program Files\Android\Android Studio\jre\bin\java.exe
0x00007ffe659b0000 - 0x00007ffe65b9d000 	C:\WINDOWS\SYSTEM32\ntdll.dll
0x00007ffe658b0000 - 0x00007ffe65963000 	C:\WINDOWS\System32\KERNEL32.DLL
0x00007ffe61c20000 - 0x00007ffe61eb3000 	C:\WINDOWS\System32\KERNELBASE.dll
0x00007ffe656a0000 - 0x00007ffe65743000 	C:\WINDOWS\System32\ADVAPI32.dll
0x00007ffe653c0000 - 0x00007ffe6545e000 	C:\WINDOWS\System32\msvcrt.dll
0x00007ffe65460000 - 0x00007ffe654fe000 	C:\WINDOWS\System32\sechost.dll
0x00007ffe631a0000 - 0x00007ffe632c2000 	C:\WINDOWS\System32\RPCRT4.dll
0x00007ffe65500000 - 0x00007ffe65697000 	C:\WINDOWS\System32\USER32.dll
0x00007ffe62150000 - 0x00007ffe62170000 	C:\WINDOWS\System32\win32u.dll
0x00007ffe62e80000 - 0x00007ffe62ea9000 	C:\WINDOWS\System32\GDI32.dll
0x00007ffe62270000 - 0x00007ffe6240a000 	C:\WINDOWS\System32\gdi32full.dll
0x00007ffe61b80000 - 0x00007ffe61c20000 	C:\WINDOWS\System32\msvcp_win.dll
0x00007ffe62170000 - 0x00007ffe6226a000 	C:\WINDOWS\System32\ucrtbase.dll
0x00007ffe55a00000 - 0x00007ffe55c79000 	C:\WINDOWS\WinSxS\amd64_microsoft.windows.common-controls_6595b64144ccf1df_6.0.17763.557_none_05b63f68071e5b9f\COMCTL32.dll
0x00007ffe633e0000 - 0x00007ffe6370c000 	C:\WINDOWS\System32\combase.dll
0x00007ffe620d0000 - 0x00007ffe6214e000 	C:\WINDOWS\System32\bcryptPrimitives.dll
0x00007ffe63710000 - 0x00007ffe6373e000 	C:\WINDOWS\System32\IMM32.DLL
0x0000000063030000 - 0x0000000063102000 	C:\Program Files\Android\Android Studio\jre\jre\bin\msvcr100.dll
0x0000000063b10000 - 0x0000000064351000 	C:\Program Files\Android\Android Studio\jre\jre\bin\server\jvm.dll
0x00007ffe62be0000 - 0x00007ffe62be8000 	C:\WINDOWS\System32\PSAPI.DLL
0x00007ffe51c40000 - 0x00007ffe51c49000 	C:\WINDOWS\SYSTEM32\WSOCK32.dll
0x00007ffe52f30000 - 0x00007ffe52f54000 	C:\WINDOWS\SYSTEM32\WINMM.dll
0x00007ffe59940000 - 0x00007ffe5994a000 	C:\WINDOWS\SYSTEM32\VERSION.dll
0x00007ffe62eb0000 - 0x00007ffe62f1d000 	C:\WINDOWS\System32\WS2_32.dll
0x00007ffe52f00000 - 0x00007ffe52f2d000 	C:\WINDOWS\SYSTEM32\WINMMBASE.dll
0x00007ffe61a80000 - 0x00007ffe61aca000 	C:\WINDOWS\System32\cfgmgr32.dll
0x00007ffe51bf0000 - 0x00007ffe51bff000 	C:\Program Files\Android\Android Studio\jre\jre\bin\verify.dll
0x00007ffe4bea0000 - 0x00007ffe4bec9000 	C:\Program Files\Android\Android Studio\jre\jre\bin\java.dll
0x00007ffe4bac0000 - 0x00007ffe4bad6000 	C:\Program Files\Android\Android Studio\jre\jre\bin\zip.dll
0x00007ffe63d20000 - 0x00007ffe65210000 	C:\WINDOWS\System32\SHELL32.dll
0x00007ffe62f20000 - 0x00007ffe62fc8000 	C:\WINDOWS\System32\shcore.dll
0x00007ffe62490000 - 0x00007ffe62bda000 	C:\WINDOWS\System32\windows.storage.dll
0x00007ffe61a30000 - 0x00007ffe61a54000 	C:\WINDOWS\System32\profapi.dll
0x00007ffe619d0000 - 0x00007ffe61a2d000 	C:\WINDOWS\System32\powrprof.dll
0x00007ffe62cf0000 - 0x00007ffe62d42000 	C:\WINDOWS\System32\shlwapi.dll
0x00007ffe619b0000 - 0x00007ffe619c1000 	C:\WINDOWS\System32\kernel.appcore.dll
0x00007ffe62470000 - 0x00007ffe62487000 	C:\WINDOWS\System32\cryptsp.dll
0x00007ffe46d00000 - 0x00007ffe46d1a000 	C:\Program Files\Android\Android Studio\jre\jre\bin\net.dll
0x00007ffe61230000 - 0x00007ffe61297000 	C:\WINDOWS\system32\mswsock.dll
0x00007ffe46ce0000 - 0x00007ffe46cf1000 	C:\Program Files\Android\Android Studio\jre\jre\bin\nio.dll
0x00007ffe400b0000 - 0x00007ffe400ce000 	C:\Users\Zoran\.gradle\native\25\windows-amd64\native-platform.dll
0x00007ffe51800000 - 0x00007ffe5180d000 	C:\Program Files\Android\Android Studio\jre\jre\bin\management.dll
0x00007ffe60df0000 - 0x00007ffe60e23000 	C:\WINDOWS\system32\rsaenh.dll
0x00007ffe620a0000 - 0x00007ffe620c6000 	C:\WINDOWS\System32\bcrypt.dll
0x00007ffe618e0000 - 0x00007ffe61908000 	C:\WINDOWS\SYSTEM32\USERENV.dll
0x00007ffe61400000 - 0x00007ffe6140c000 	C:\WINDOWS\SYSTEM32\CRYPTBASE.dll
0x00007ffe60f90000 - 0x00007ffe60fcd000 	C:\WINDOWS\SYSTEM32\IPHLPAPI.DLL
0x00007ffe65970000 - 0x00007ffe65978000 	C:\WINDOWS\System32\NSI.dll
0x00007ffe5d670000 - 0x00007ffe5d686000 	C:\WINDOWS\SYSTEM32\dhcpcsvc6.DLL
0x00007ffe5d5b0000 - 0x00007ffe5d5cc000 	C:\WINDOWS\SYSTEM32\dhcpcsvc.DLL
0x00007ffe60fd0000 - 0x00007ffe61096000 	C:\WINDOWS\SYSTEM32\DNSAPI.dll
0x00007ffe5c4a0000 - 0x00007ffe5c68d000 	C:\WINDOWS\SYSTEM32\dbghelp.dll

VM Arguments:
jvm_args: -Xmx1536m -Dfile.encoding=windows-1252 -Duser.country=US -Duser.language=en -Duser.variant 
java_command: org.gradle.launcher.daemon.bootstrap.GradleDaemon 5.1.1
java_class_path (initial): C:\Users\Zoran\.gradle\wrapper\dists\gradle-5.1.1-all\97z1ksx6lirer3kbvdnh7jtjg\gradle-5.1.1\lib\gradle-launcher-5.1.1.jar
Launcher Type: SUN_STANDARD

Environment Variables:
PATH=C:\VulkanSDK\1.1.106.0\Bin;C:\Program Files (x86)\Common Files\Intel\Shared Libraries\redist\intel64\compiler;C:\WINDOWS\system32;C:\WINDOWS;C:\WINDOWS\System32\Wbem;C:\WINDOWS\System32\WindowsPowerShell\v1.0\;C:\WINDOWS\System32\OpenSSH\;C:\Program Files\Git\cmd;C:\Users\Zoran\AppData\Local\Microsoft\WindowsApps;
USERNAME=Zoran
OS=Windows_NT
PROCESSOR_IDENTIFIER=Intel64 Family 6 Model 45 Stepping 7, GenuineIntel



---------------  S Y S T E M  ---------------

OS: Windows 10.0 , 64 bit Build 17763 (10.0.17763.475)

CPU:total 8 (initial active 8) (4 cores per cpu, 2 threads per core) family 6 model 45 stepping 7, cmov, cx8, fxsr, mmx, sse, sse2, sse3, ssse3, sse4.1, sse4.2, popcnt, avx, aes, clmul, ht, tsc, tscinvbit, tscinv

Memory: 4k page, physical 16699760k(8225748k free), swap 19190128k(2524004k free)

vm_info: OpenJDK 64-Bit Server VM (25.152-b01) for windows-amd64 JRE (1.8.0_152-release-1343-b01), built by "builder" with MS VC++ 10.0 (VS2010)

time: Sun Jun 16 11:42:06 2019
elapsed time: 4 seconds (0d 0h 0m 4s)

